<?xml version="1.0" encoding="UTF-8"?>
<!-- Generated by org.testng.reporters.JUnitReportReporter -->
<testsuite hostname="DMatrix" failures="0" tests="1" name="msn.GetCurrentTemperature" time="8.994" errors="0" timestamp="2023-12-02T15:58:07 IST" skipped="0">
  <testcase classname="msn.GetCurrentTemperature" name="getTemp" time="8.994"/>
  <system-out/>
</testsuite> <!-- msn.GetCurrentTemperature -->
